<?xml version="1.0" encoding="UTF-8"?>
<!-- Generated by org.testng.reporters.JUnitXMLReporter -->
<testsuite ignored="0" hostname="ltin270900" failures="0" tests="19" name="Test" time="188.171" errors="0" timestamp="2024-02-29T11:50:20 IST">
  <testcase classname="testbase.baseclass" name="@BeforeClass setup" time="185.944">
    <failure type="org.openqa.selenium.SessionNotCreatedException" message="Could not start a new session. Possible causes are invalid address of the remote server or browser start-up failure. 
Host info: host: &amp;apos;LTIN270900&amp;apos;, ip: &amp;apos;10.90.200.247&amp;apos;">
      <![CDATA[org.openqa.selenium.SessionNotCreatedException: Could not start a new session. Possible causes are invalid address of the remote server or browser start-up failure. 
Host info: host: 'LTIN270900', ip: '10.90.200.247'
at org.openqa.selenium.remote.RemoteWebDriver.execute(RemoteWebDriver.java:537)
at org.openqa.selenium.remote.RemoteWebDriver.startSession(RemoteWebDriver.java:233)
at org.openqa.selenium.remote.RemoteWebDriver.<init>(RemoteWebDriver.java:162)
at org.openqa.selenium.remote.RemoteWebDriver.<init>(RemoteWebDriver.java:142)
at testbase.baseclass.setup(baseclass.java:68)
at java.base/java.util.ArrayList.forEach(ArrayList.java:1511)
Caused by: org.openqa.selenium.TimeoutException: java.util.concurrent.TimeoutException
Build info: version: '4.18.1', revision: 'b1d3319b48'
System info: os.name: 'Windows 11', os.arch: 'amd64', os.version: '10.0', java.version: '17.0.9'
Driver info: driver.version: RemoteWebDriver
at org.openqa.selenium.remote.http.jdk.JdkHttpClient.execute0(JdkHttpClient.java:403)
at org.openqa.selenium.remote.http.AddSeleniumUserAgent.lambda$apply$0(AddSeleniumUserAgent.java:42)
at org.openqa.selenium.remote.http.Filter.lambda$andFinally$1(Filter.java:55)
at org.openqa.selenium.remote.http.jdk.JdkHttpClient.execute(JdkHttpClient.java:359)
at org.openqa.selenium.remote.tracing.TracedHttpClient.execute(TracedHttpClient.java:54)
at org.openqa.selenium.remote.ProtocolHandshake.createSession(ProtocolHandshake.java:114)
at org.openqa.selenium.remote.ProtocolHandshake.createSession(ProtocolHandshake.java:95)
at org.openqa.selenium.remote.ProtocolHandshake.createSession(ProtocolHandshake.java:67)
at org.openqa.selenium.remote.HttpCommandExecutor.execute(HttpCommandExecutor.java:162)
at org.openqa.selenium.remote.TracedCommandExecutor.execute(TracedCommandExecutor.java:51)
at org.openqa.selenium.remote.RemoteWebDriver.execute(RemoteWebDriver.java:519)
... 30 more
Caused by: java.util.concurrent.TimeoutException
at java.base/java.util.concurrent.CompletableFuture.timedGet(CompletableFuture.java:1960)
at java.base/java.util.concurrent.CompletableFuture.get(CompletableFuture.java:2095)
at org.openqa.selenium.remote.http.jdk.JdkHttpClient.execute0(JdkHttpClient.java:386)
... 40 more
... Removed 25 stack frames]]>
    </failure>
  </testcase> <!-- @BeforeClass setup -->
  <testcase classname="testbase.baseclass" name="@AfterClass tearDown" time="-1.709187620151E9">
    <skipped/>
  </testcase> <!-- @AfterClass tearDown -->
  <testcase classname="testcase.testcase_zigwheels01" name="mainlog" time="0.0">
    <skipped/>
  </testcase> <!-- mainlog -->
  <testcase classname="testcase.testcase_zigwheels01" name="getupbikes" time="0.0">
    <skipped/>
  </testcase> <!-- getupbikes -->
  <testcase classname="testcase.testcase_zigwheels01" name="Selectupbikes" time="0.0">
    <skipped/>
  </testcase> <!-- Selectupbikes -->
  <testcase classname="testcase.testcase_zigwheels01" name="gethonda" time="0.0">
    <skipped/>
  </testcase> <!-- gethonda -->
  <testcase classname="testcase.testcase_zigwheels01" name="sdrop" time="0.0">
    <skipped/>
  </testcase> <!-- sdrop -->
  <testcase classname="testcase.testcase_zigwheels01" name="selectingreadmore" time="0.0">
    <skipped/>
  </testcase> <!-- selectingreadmore -->
  <testcase classname="testcase.testcase_zigwheels01" name="printingreqdetails" time="0.0">
    <skipped/>
  </testcase> <!-- printingreqdetails -->
  <testcase classname="testcase.testcase_zigwheels01" name="navghp" time="0.0">
    <skipped/>
  </testcase> <!-- navghp -->
  <testcase classname="testcase.testcase_zigwheels01" name="popm" time="0.0">
    <skipped/>
  </testcase> <!-- popm -->
  <testcase classname="testcase.testcase_zigwheels01" name="selcityaschn" time="0.0">
    <skipped/>
  </testcase> <!-- selcityaschn -->
  <testcase classname="testcase.testcase_zigwheels01" name="scroillingucpm" time="0.0">
    <skipped/>
  </testcase> <!-- scroillingucpm -->
  <testcase classname="testcase.testcase_zigwheels01" name="printpm" time="0.0">
    <skipped/>
  </testcase> <!-- printpm -->
  <testcase classname="testcase.testcase_zigwheels01" name="navghp2" time="0.0">
    <skipped/>
  </testcase> <!-- navghp2 -->
  <testcase classname="testcase.testcase_zigwheels01" name="getlogo" time="0.0">
    <skipped/>
  </testcase> <!-- getlogo -->
  <testcase classname="testcase.testcase_zigwheels01" name="registering" time="0.0">
    <skipped/>
  </testcase> <!-- registering -->
  <testcase classname="testcase.testcase_zigwheels01" name="selectinggoogle" time="0.0">
    <skipped/>
  </testcase> <!-- selectinggoogle -->
  <testcase classname="testcase.testcase_zigwheels01" name="reg" time="0.0">
    <skipped/>
  </testcase> <!-- reg -->
  <testcase classname="testcase.testcase_zigwheels01" name="clknb" time="0.0">
    <skipped/>
  </testcase> <!-- clknb -->
  <testcase classname="testcase.testcase_zigwheels01" name="getemess" time="0.0">
    <skipped/>
  </testcase> <!-- getemess -->
</testsuite> <!-- Test -->
