<?xml version="1.0" encoding="UTF-8"?>
<!-- Generated by org.testng.reporters.JUnitReportReporter -->
<testsuite hostname="ltin270900" failures="0" tests="20" name="testcase.testcase_zigwheels01" time="185.944" errors="1" timestamp="2024-02-29T11:50:23 IST" skipped="19">
  <testcase classname="testcase.testcase_zigwheels01" name="setup" time="185.944">
    <error message="Could not start a new session. Possible causes are invalid address of the remote server or browser start-up failure. 
Host info: host: &#039;LTIN270900&#039;, ip: &#039;10.90.200.247&#039;" type="org.openqa.selenium.SessionNotCreatedException">
      <![CDATA[org.openqa.selenium.SessionNotCreatedException: Could not start a new session. Possible causes are invalid address of the remote server or browser start-up failure. 
Host info: host: 'LTIN270900', ip: '10.90.200.247'
at org.openqa.selenium.remote.RemoteWebDriver.execute(RemoteWebDriver.java:537)
at org.openqa.selenium.remote.RemoteWebDriver.startSession(RemoteWebDriver.java:233)
at org.openqa.selenium.remote.RemoteWebDriver.<init>(RemoteWebDriver.java:162)
at org.openqa.selenium.remote.RemoteWebDriver.<init>(RemoteWebDriver.java:142)
at testbase.baseclass.setup(baseclass.java:68)
at java.base/jdk.internal.reflect.NativeMethodAccessorImpl.invoke0(Native Method)
at java.base/jdk.internal.reflect.NativeMethodAccessorImpl.invoke(NativeMethodAccessorImpl.java:77)
at java.base/jdk.internal.reflect.DelegatingMethodAccessorImpl.invoke(DelegatingMethodAccessorImpl.java:43)
at java.base/java.lang.reflect.Method.invoke(Method.java:568)
at org.testng.internal.MethodInvocationHelper.invokeMethod(MethodInvocationHelper.java:133)
at org.testng.internal.MethodInvocationHelper.invokeMethodConsideringTimeout(MethodInvocationHelper.java:62)
at org.testng.internal.ConfigInvoker.invokeConfigurationMethod(ConfigInvoker.java:385)
at org.testng.internal.ConfigInvoker.invokeConfigurations(ConfigInvoker.java:321)
at org.testng.internal.TestMethodWorker.invokeBeforeClassMethods(TestMethodWorker.java:176)
at org.testng.internal.TestMethodWorker.run(TestMethodWorker.java:122)
at java.base/java.util.ArrayList.forEach(ArrayList.java:1511)
at org.testng.TestRunner.privateRun(TestRunner.java:794)
at org.testng.TestRunner.run(TestRunner.java:596)
at org.testng.SuiteRunner.runTest(SuiteRunner.java:377)
at org.testng.SuiteRunner.runSequentially(SuiteRunner.java:371)
at org.testng.SuiteRunner.privateRun(SuiteRunner.java:332)
at org.testng.SuiteRunner.run(SuiteRunner.java:276)
at org.testng.SuiteRunnerWorker.runSuite(SuiteRunnerWorker.java:53)
at org.testng.SuiteRunnerWorker.run(SuiteRunnerWorker.java:96)
at org.testng.TestNG.runSuitesSequentially(TestNG.java:1212)
at org.testng.TestNG.runSuitesLocally(TestNG.java:1134)
at org.testng.TestNG.runSuites(TestNG.java:1063)
at org.testng.TestNG.run(TestNG.java:1031)
at org.testng.remote.AbstractRemoteTestNG.run(AbstractRemoteTestNG.java:115)
at org.testng.remote.RemoteTestNG.initAndRun(RemoteTestNG.java:251)
at org.testng.remote.RemoteTestNG.main(RemoteTestNG.java:77)
Caused by: org.openqa.selenium.TimeoutException: java.util.concurrent.TimeoutException
Build info: version: '4.18.1', revision: 'b1d3319b48'
System info: os.name: 'Windows 11', os.arch: 'amd64', os.version: '10.0', java.version: '17.0.9'
Driver info: driver.version: RemoteWebDriver
at org.openqa.selenium.remote.http.jdk.JdkHttpClient.execute0(JdkHttpClient.java:403)
at org.openqa.selenium.remote.http.AddSeleniumUserAgent.lambda$apply$0(AddSeleniumUserAgent.java:42)
at org.openqa.selenium.remote.http.Filter.lambda$andFinally$1(Filter.java:55)
at org.openqa.selenium.remote.http.jdk.JdkHttpClient.execute(JdkHttpClient.java:359)
at org.openqa.selenium.remote.tracing.TracedHttpClient.execute(TracedHttpClient.java:54)
at org.openqa.selenium.remote.ProtocolHandshake.createSession(ProtocolHandshake.java:114)
at org.openqa.selenium.remote.ProtocolHandshake.createSession(ProtocolHandshake.java:95)
at org.openqa.selenium.remote.ProtocolHandshake.createSession(ProtocolHandshake.java:67)
at org.openqa.selenium.remote.HttpCommandExecutor.execute(HttpCommandExecutor.java:162)
at org.openqa.selenium.remote.TracedCommandExecutor.execute(TracedCommandExecutor.java:51)
at org.openqa.selenium.remote.RemoteWebDriver.execute(RemoteWebDriver.java:519)
... 30 more
Caused by: java.util.concurrent.TimeoutException
at java.base/java.util.concurrent.CompletableFuture.timedGet(CompletableFuture.java:1960)
at java.base/java.util.concurrent.CompletableFuture.get(CompletableFuture.java:2095)
at org.openqa.selenium.remote.http.jdk.JdkHttpClient.execute0(JdkHttpClient.java:386)
... 40 more
]]>
    </error>
  </testcase> <!-- setup -->
  <system-out/>
  <testcase classname="testcase.testcase_zigwheels01" name="mainlog" time="0.000">
    <skipped/>
  </testcase> <!-- mainlog -->
  <system-out/>
  <testcase classname="testcase.testcase_zigwheels01" name="getupbikes" time="0.000">
    <skipped/>
  </testcase> <!-- getupbikes -->
  <system-out/>
  <testcase classname="testcase.testcase_zigwheels01" name="Selectupbikes" time="0.000">
    <skipped/>
  </testcase> <!-- Selectupbikes -->
  <system-out/>
  <testcase classname="testcase.testcase_zigwheels01" name="gethonda" time="0.000">
    <skipped/>
  </testcase> <!-- gethonda -->
  <system-out/>
  <testcase classname="testcase.testcase_zigwheels01" name="sdrop" time="0.000">
    <skipped/>
  </testcase> <!-- sdrop -->
  <system-out/>
  <testcase classname="testcase.testcase_zigwheels01" name="selectingreadmore" time="0.000">
    <skipped/>
  </testcase> <!-- selectingreadmore -->
  <system-out/>
  <testcase classname="testcase.testcase_zigwheels01" name="printingreqdetails" time="0.000">
    <skipped/>
  </testcase> <!-- printingreqdetails -->
  <system-out/>
  <testcase classname="testcase.testcase_zigwheels01" name="navghp" time="0.000">
    <skipped/>
  </testcase> <!-- navghp -->
  <system-out/>
  <testcase classname="testcase.testcase_zigwheels01" name="popm" time="0.000">
    <skipped/>
  </testcase> <!-- popm -->
  <system-out/>
  <testcase classname="testcase.testcase_zigwheels01" name="selcityaschn" time="0.000">
    <skipped/>
  </testcase> <!-- selcityaschn -->
  <system-out/>
  <testcase classname="testcase.testcase_zigwheels01" name="scroillingucpm" time="0.000">
    <skipped/>
  </testcase> <!-- scroillingucpm -->
  <system-out/>
  <testcase classname="testcase.testcase_zigwheels01" name="printpm" time="0.000">
    <skipped/>
  </testcase> <!-- printpm -->
  <system-out/>
  <testcase classname="testcase.testcase_zigwheels01" name="navghp2" time="0.000">
    <skipped/>
  </testcase> <!-- navghp2 -->
  <system-out/>
  <testcase classname="testcase.testcase_zigwheels01" name="getlogo" time="0.000">
    <skipped/>
  </testcase> <!-- getlogo -->
  <system-out/>
  <testcase classname="testcase.testcase_zigwheels01" name="registering" time="0.000">
    <skipped/>
  </testcase> <!-- registering -->
  <system-out/>
  <testcase classname="testcase.testcase_zigwheels01" name="selectinggoogle" time="0.000">
    <skipped/>
  </testcase> <!-- selectinggoogle -->
  <system-out/>
  <testcase classname="testcase.testcase_zigwheels01" name="reg" time="0.000">
    <skipped/>
  </testcase> <!-- reg -->
  <system-out/>
  <testcase classname="testcase.testcase_zigwheels01" name="clknb" time="0.000">
    <skipped/>
  </testcase> <!-- clknb -->
  <system-out/>
  <testcase classname="testcase.testcase_zigwheels01" name="getemess" time="0.000">
    <skipped/>
  </testcase> <!-- getemess -->
  <system-out/>
</testsuite> <!-- testcase.testcase_zigwheels01 -->
