<?xml version="1.0" encoding="UTF-8"?>
<!-- Generated by org.testng.reporters.JUnitReportReporter -->
<testsuite hostname="ltin270900" failures="0" tests="19" name="testcase.testcase_zigwheels01" time="62.195" errors="1" timestamp="2024-02-28T14:46:58 IST" skipped="0">
  <testcase classname="testcase.testcase_zigwheels01" name="mainlog" time="1.021"/>
  <testcase classname="testcase.testcase_zigwheels01" name="getupbikes" time="0.762"/>
  <testcase classname="testcase.testcase_zigwheels01" name="Selectupbikes" time="36.314"/>
  <testcase classname="testcase.testcase_zigwheels01" name="gethonda" time="1.123"/>
  <testcase classname="testcase.testcase_zigwheels01" name="sdrop" time="1.837"/>
  <testcase classname="testcase.testcase_zigwheels01" name="selectingreadmore" time="0.998"/>
  <testcase classname="testcase.testcase_zigwheels01" name="printingreqdetails" time="2.731">
    <error message="C:\Users\2303950\eclipse-workspace\hackathonmain\testdata\writinddata.xlsx (The process cannot access the file because it is being used by another process)" type="java.io.FileNotFoundException">
      <![CDATA[java.io.FileNotFoundException: C:\Users\2303950\eclipse-workspace\hackathonmain\testdata\writinddata.xlsx (The process cannot access the file because it is being used by another process)
at java.base/java.io.FileOutputStream.open0(Native Method)
at java.base/java.io.FileOutputStream.open(FileOutputStream.java:293)
at java.base/java.io.FileOutputStream.<init>(FileOutputStream.java:235)
at java.base/java.io.FileOutputStream.<init>(FileOutputStream.java:123)
at utilities.excel.setdata(excel.java:50)
at testcase.testcase_zigwheels01.printingreqdetails(testcase_zigwheels01.java:99)
at java.base/jdk.internal.reflect.NativeMethodAccessorImpl.invoke0(Native Method)
at java.base/jdk.internal.reflect.NativeMethodAccessorImpl.invoke(NativeMethodAccessorImpl.java:77)
at java.base/jdk.internal.reflect.DelegatingMethodAccessorImpl.invoke(DelegatingMethodAccessorImpl.java:43)
at java.base/java.lang.reflect.Method.invoke(Method.java:568)
at org.testng.internal.invokers.MethodInvocationHelper.invokeMethod(MethodInvocationHelper.java:139)
at org.testng.internal.invokers.TestInvoker.invokeMethod(TestInvoker.java:664)
at org.testng.internal.invokers.TestInvoker.invokeTestMethod(TestInvoker.java:228)
at org.testng.internal.invokers.MethodRunner.runInSequence(MethodRunner.java:63)
at org.testng.internal.invokers.TestInvoker$MethodInvocationAgent.invoke(TestInvoker.java:961)
at org.testng.internal.invokers.TestInvoker.invokeTestMethods(TestInvoker.java:201)
at org.testng.internal.invokers.TestMethodWorker.invokeTestMethods(TestMethodWorker.java:148)
at org.testng.internal.invokers.TestMethodWorker.run(TestMethodWorker.java:128)
at java.base/java.util.ArrayList.forEach(ArrayList.java:1511)
at org.testng.TestRunner.privateRun(TestRunner.java:819)
at org.testng.TestRunner.run(TestRunner.java:619)
at org.testng.SuiteRunner.runTest(SuiteRunner.java:443)
at org.testng.SuiteRunner.runSequentially(SuiteRunner.java:437)
at org.testng.SuiteRunner.privateRun(SuiteRunner.java:397)
at org.testng.SuiteRunner.run(SuiteRunner.java:336)
at org.testng.SuiteRunnerWorker.runSuite(SuiteRunnerWorker.java:52)
at org.testng.SuiteRunnerWorker.run(SuiteRunnerWorker.java:95)
at org.testng.TestNG.runSuitesSequentially(TestNG.java:1301)
at org.testng.TestNG.runSuitesLocally(TestNG.java:1228)
at org.testng.TestNG.runSuites(TestNG.java:1134)
at org.testng.TestNG.run(TestNG.java:1101)
at org.apache.maven.surefire.testng.TestNGExecutor.run(TestNGExecutor.java:308)
at org.apache.maven.surefire.testng.TestNGXmlTestSuite.execute(TestNGXmlTestSuite.java:71)
at org.apache.maven.surefire.testng.TestNGProvider.invoke(TestNGProvider.java:113)
at org.apache.maven.surefire.booter.ForkedBooter.runSuitesInProcess(ForkedBooter.java:385)
at org.apache.maven.surefire.booter.ForkedBooter.execute(ForkedBooter.java:162)
at org.apache.maven.surefire.booter.ForkedBooter.run(ForkedBooter.java:507)
at org.apache.maven.surefire.booter.ForkedBooter.main(ForkedBooter.java:495)
]]>
    </error>
  </testcase> <!-- printingreqdetails -->
  <testcase classname="testcase.testcase_zigwheels01" name="navghp" time="1.971"/>
  <testcase classname="testcase.testcase_zigwheels01" name="popm" time="0.811"/>
  <testcase classname="testcase.testcase_zigwheels01" name="selcityaschn" time="6.263"/>
  <testcase classname="testcase.testcase_zigwheels01" name="scroillingucpm" time="0.082"/>
  <testcase classname="testcase.testcase_zigwheels01" name="printpm" time="0.129"/>
  <testcase classname="testcase.testcase_zigwheels01" name="navghp2" time="2.291"/>
  <testcase classname="testcase.testcase_zigwheels01" name="getlogo" time="0.057"/>
  <testcase classname="testcase.testcase_zigwheels01" name="registering" time="0.283"/>
  <testcase classname="testcase.testcase_zigwheels01" name="selectinggoogle" time="0.360"/>
  <testcase classname="testcase.testcase_zigwheels01" name="reg" time="4.116"/>
  <testcase classname="testcase.testcase_zigwheels01" name="clknb" time="0.909"/>
  <testcase classname="testcase.testcase_zigwheels01" name="getemess" time="0.137"/>
</testsuite> <!-- testcase.testcase_zigwheels01 -->
